2024-10-12 11:41:38,014 - INFO - <START>
2024-10-12 11:41:38,014 - INFO - 尝试打开数据库文件：/Users/pengshintsz/Desktop/Eric/Stock/cnyes_news.db
2024-10-12 11:41:38,015 - INFO - 数据库连接成功并确保表存在
2024-10-12 11:41:38,015 - INFO - 数据库路径设置为：/Users/pengshintsz/Desktop/Eric/Stock/cnyes_news.db
2024-10-12 11:41:38,425 - INFO - 已将 30 条新闻加载到 /Users/pengshintsz/Desktop/Eric/Stock/cnyes_news.csv
2024-10-12 11:41:38,428 - INFO - 成功将 30 条新闻加载到 SQLite 数据库 /Users/pengshintsz/Desktop/Eric/Stock/cnyes_news.db
2024-10-12 11:41:38,428 - INFO - ETL流程完成
2024-10-12 11:41:38,437 - ERROR - 运行过程中发生错误: name 'logger' is not defined
2024-10-12 11:41:38,437 - INFO - <END>
2024-10-12 11:45:01,861 - INFO - <START>
2024-10-12 11:45:01,861 - INFO - 尝试打开数据库文件：/Users/pengshintsz/Desktop/Eric/Stock/cnyes_news.db
2024-10-12 11:45:01,864 - INFO - 数据库连接成功并确保表存在
2024-10-12 11:45:01,864 - INFO - 数据库路径设置为：/Users/pengshintsz/Desktop/Eric/Stock/cnyes_news.db
2024-10-12 11:45:02,263 - INFO - 已将 30 条新闻加载到 /Users/pengshintsz/Desktop/Eric/Stock/cnyes_news.csv
2024-10-12 11:45:02,267 - INFO - 成功将 30 条新闻加载到 SQLite 数据库 /Users/pengshintsz/Desktop/Eric/Stock/cnyes_news.db
2024-10-12 11:45:02,267 - INFO - ETL流程完成
2024-10-12 11:45:02,278 - ERROR - 运行过程中发生错误: name 'logger' is not defined
2024-10-12 11:45:02,279 - INFO - <END>
2024-10-12 11:48:36,730 - INFO - 数据库路径设置为：/Users/pengshintsz/Desktop/Eric/Stock/cnyes_news.db
2024-10-12 11:48:37,140 - INFO - 已将 30 条新闻加载到 cnyes_news.csv
2024-10-12 11:48:37,146 - INFO - 成功将 30 条新闻加载到 SQLite 数据库 /Users/pengshintsz/Desktop/Eric/Stock/cnyes_news.db
2024-10-12 11:48:37,146 - INFO - ETL流程完成
2024-10-12 11:48:51,146 - INFO - <START>
2024-10-12 11:48:51,147 - INFO - 尝试打开数据库文件：/Users/pengshintsz/Desktop/Eric/Stock/cnyes_news.db
2024-10-12 11:48:51,149 - INFO - 数据库连接成功并确保表存在
2024-10-12 11:48:51,149 - INFO - 数据库路径设置为：/Users/pengshintsz/Desktop/Eric/Stock/cnyes_news.db
2024-10-12 11:48:51,503 - INFO - 已将 30 条新闻加载到 /Users/pengshintsz/Desktop/Eric/Stock/cnyes_news.csv
2024-10-12 11:48:51,506 - INFO - 成功将 30 条新闻加载到 SQLite 数据库 /Users/pengshintsz/Desktop/Eric/Stock/cnyes_news.db
2024-10-12 11:48:51,506 - INFO - ETL流程完成
2024-10-12 11:48:51,521 - ERROR - 运行过程中发生错误: name 'logger' is not defined
2024-10-12 11:48:51,521 - INFO - <END>
2024-10-12 11:56:27,793 - INFO - <START>
2024-10-12 11:56:27,794 - INFO - 尝试打开数据库文件：/Users/pengshintsz/Desktop/Eric/Stock/cnyes_news.db
2024-10-12 11:56:27,796 - INFO - 数据库连接成功并确保表存在
2024-10-12 11:56:27,796 - INFO - 数据库路径设置为：/Users/pengshintsz/Desktop/Eric/Stock/cnyes_news.db
2024-10-12 11:56:28,178 - INFO - 已将 30 条新闻加载到 /Users/pengshintsz/Desktop/Eric/Stock/cnyes_news.csv
2024-10-12 11:56:28,184 - INFO - 成功将 30 条新闻加载到 SQLite 数据库 /Users/pengshintsz/Desktop/Eric/Stock/cnyes_news.db
2024-10-12 11:56:28,184 - INFO - ETL流程完成
2024-10-12 11:56:28,200 - ERROR - 运行过程中发生错误: name 'logger' is not defined
2024-10-12 11:56:28,200 - INFO - <END>
2024-10-12 12:04:12,371 - INFO - 数据库路径设置为：/Users/pengshintsz/Desktop/Eric/Stock/cnyes_news.db
2024-10-12 12:05:31,773 - INFO - 数据库路径设置为：/Users/pengshintsz/Desktop/Eric/Stock/cnyes_news.db
2024-10-12 12:05:31,774 - INFO - 创建Store目录：/Users/pengshintsz/Desktop/Eric/Stock/Store
2024-10-12 12:05:32,134 - INFO - 原始数据已保存到 /Users/pengshintsz/Desktop/Eric/Stock/Store/Raw_data.csv
2024-10-12 12:05:32,136 - INFO - 已将 30 条新闻加载到 /Users/pengshintsz/Desktop/Eric/Stock/Store/cnyes_news.csv
2024-10-12 12:05:32,143 - INFO - 成功将 30 条新闻加载到 SQLite 数据库 /Users/pengshintsz/Desktop/Eric/Stock/cnyes_news.db
2024-10-12 12:05:32,143 - INFO - ETL流程完成
2024-10-12 12:09:47,579 - INFO - 数据库路径设置为：/Users/pengshintsz/Desktop/Eric/Stock/Store/cnyes_news.db
2024-10-12 12:09:47,579 - INFO - 创建Store目录：/Users/pengshintsz/Desktop/Eric/Stock/Store
2024-10-12 12:09:48,206 - INFO - 原始数据已保存到 /Users/pengshintsz/Desktop/Eric/Stock/Store/Raw_data.csv
2024-10-12 12:09:48,208 - INFO - 已将 30 条新闻加载到 /Users/pengshintsz/Desktop/Eric/Stock/Store/cnyes_news.csv
2024-10-12 12:09:48,210 - ERROR - 数据库操作失败：no such table: news
2024-10-12 12:11:15,033 - INFO - <START>
2024-10-12 12:11:15,033 - INFO - 数据库路径设置为：/Users/pengshintsz/Desktop/Eric/Stock/Store/cnyes_news.db
2024-10-12 12:11:15,033 - INFO - 数据库路径设置为：/Users/pengshintsz/Desktop/Eric/Stock/Store/cnyes_news.db
2024-10-12 12:11:15,455 - INFO - 原始数据已保存到 /Users/pengshintsz/Desktop/Eric/Stock/Store/Raw_data.csv
2024-10-12 12:11:15,458 - INFO - 已将 30 条新闻加载到 /Users/pengshintsz/Desktop/Eric/Stock/Store/cnyes_news.csv
2024-10-12 12:11:15,461 - ERROR - 数据库操作失败：no such table: news
2024-10-12 12:11:15,461 - ERROR - 运行过程中发生错误: no such table: news
2024-10-12 12:11:15,461 - INFO - <END>
2024-10-12 12:12:21,072 - INFO - <START>
2024-10-12 12:12:21,072 - INFO - 数据库路径设置为：/Users/pengshintsz/Desktop/Eric/Stock/Store/cnyes_news.db
2024-10-12 12:12:21,073 - INFO - 创建Store目录：/Users/pengshintsz/Desktop/Eric/Stock/Store
2024-10-12 12:12:21,073 - INFO - 数据库路径设置为：/Users/pengshintsz/Desktop/Eric/Stock/Store/cnyes_news.db
2024-10-12 12:12:21,494 - INFO - 原始数据已保存到 /Users/pengshintsz/Desktop/Eric/Stock/Store/Raw_data.csv
2024-10-12 12:12:21,497 - INFO - 已将 30 条新闻加载到 /Users/pengshintsz/Desktop/Eric/Stock/Store/cnyes_news.csv
2024-10-12 12:12:21,500 - ERROR - 数据库操作失败：no such table: news
2024-10-12 12:12:21,500 - ERROR - 运行过程中发生错误: no such table: news
2024-10-12 12:12:21,500 - INFO - <END>
2024-10-12 12:13:50,607 - INFO - <START>
2024-10-12 12:13:50,607 - INFO - 数据库路径设置为：/Users/pengshintsz/Desktop/Eric/Stock/Store/cnyes_news.db
2024-10-12 12:13:50,607 - INFO - 数据库路径设置为：/Users/pengshintsz/Desktop/Eric/Stock/Store/cnyes_news.db
2024-10-12 12:13:50,968 - INFO - 原始数据已保存到 /Users/pengshintsz/Desktop/Eric/Stock/Store/Raw_data.csv
2024-10-12 12:13:50,970 - INFO - 已将 30 条新闻加载到 /Users/pengshintsz/Desktop/Eric/Stock/Store/cnyes_news.csv
2024-10-12 12:13:50,973 - ERROR - 数据库操作失败：no such table: news
2024-10-12 12:13:50,973 - ERROR - 运行过程中发生错误: no such table: news
2024-10-12 12:13:50,974 - INFO - <END>
2024-10-12 12:13:50,974 - INFO - 数据库路径设置为：/Users/pengshintsz/Desktop/Eric/Stock/Store/cnyes_news.db
2024-10-12 12:13:50,974 - ERROR - 检查数据库时发生错误: no such table: news
2024-10-12 12:15:41,155 - INFO - 数据库路径设置为：/Users/pengshintsz/Desktop/Eric/Stock/cnyes_news.db
2024-10-12 12:15:41,155 - INFO - 创建Store目录：/Users/pengshintsz/Desktop/Eric/Stock/Store
2024-10-12 12:15:41,589 - INFO - 原始数据已保存到 /Users/pengshintsz/Desktop/Eric/Stock/Store/Raw_data.csv
2024-10-12 12:15:41,592 - INFO - 已将 30 条新闻加载到 /Users/pengshintsz/Desktop/Eric/Stock/Store/cnyes_news.csv
2024-10-12 12:15:41,601 - INFO - 成功将 30 条新闻加载到 SQLite 数据库 /Users/pengshintsz/Desktop/Eric/Stock/cnyes_news.db
2024-10-12 12:15:41,601 - INFO - ETL流程完成
2024-10-12 14:24:16,638 - INFO - 数据库路径设置为：/Users/pengshintsz/Desktop/Eric/Stock/Store/cnyes_news.db
2024-10-12 14:24:16,817 - INFO - 原始数据已保存到 /Users/pengshintsz/Desktop/Eric/Stock/Store/Raw_data.csv
2024-10-12 14:24:16,820 - INFO - 已将 30 条新闻加载到 /Users/pengshintsz/Desktop/Eric/Stock/Store/cnyes_news.csv
2024-10-12 14:24:16,824 - INFO - 成功将 30 条新闻加载到 SQLite 数据库 /Users/pengshintsz/Desktop/Eric/Stock/Store/cnyes_news.db
2024-10-12 14:24:16,824 - INFO - ETL流程完成
2024-10-12 14:24:29,170 - INFO - <START>
2024-10-12 14:24:29,170 - INFO - 数据库路径设置为：/Users/pengshintsz/Desktop/Eric/Stock/Store/cnyes_news.db
2024-10-12 14:24:29,170 - INFO - 尝试打开数据库文件：/Users/pengshintsz/Desktop/Eric/Stock/cnyes_news.db
2024-10-12 14:24:29,172 - INFO - 数据库连接成功并确保表存在
2024-10-12 14:24:29,172 - INFO - 数据库路径设置为：/Users/pengshintsz/Desktop/Eric/Stock/Store/cnyes_news.db
2024-10-12 14:24:29,277 - INFO - 原始数据已保存到 /Users/pengshintsz/Desktop/Eric/Stock/Store/Raw_data.csv
2024-10-12 14:24:29,279 - INFO - 已将 30 条新闻加载到 /Users/pengshintsz/Desktop/Eric/Stock/Store/cnyes_news.csv
2024-10-12 14:24:29,282 - INFO - 成功将 30 条新闻加载到 SQLite 数据库 /Users/pengshintsz/Desktop/Eric/Stock/Store/cnyes_news.db
2024-10-12 14:24:29,282 - INFO - ETL流程完成
2024-10-12 14:24:29,288 - ERROR - 运行过程中发生错误: name 'logger' is not defined
2024-10-12 14:24:29,288 - INFO - <END>
2024-10-12 14:24:42,808 - INFO - <START>
2024-10-12 14:24:42,808 - INFO - 数据库路径设置为：/Users/pengshintsz/Desktop/Eric/Stock/Store/cnyes_news.db
2024-10-12 14:24:42,808 - INFO - 尝试打开数据库文件：/Users/pengshintsz/Desktop/Eric/Stock/cnyes_news.db
2024-10-12 14:24:42,808 - INFO - 数据库连接成功并确保表存在
2024-10-12 14:24:42,809 - INFO - 数据库路径设置为：/Users/pengshintsz/Desktop/Eric/Stock/Store/cnyes_news.db
2024-10-12 14:24:43,061 - INFO - 原始数据已保存到 /Users/pengshintsz/Desktop/Eric/Stock/Store/Raw_data.csv
2024-10-12 14:24:43,063 - INFO - 已将 30 条新闻加载到 /Users/pengshintsz/Desktop/Eric/Stock/Store/cnyes_news.csv
2024-10-12 14:24:43,066 - INFO - 成功将 30 条新闻加载到 SQLite 数据库 /Users/pengshintsz/Desktop/Eric/Stock/Store/cnyes_news.db
2024-10-12 14:24:43,066 - INFO - ETL流程完成
2024-10-12 14:24:43,076 - ERROR - 运行过程中发生错误: name 'logger' is not defined
2024-10-12 14:24:43,076 - INFO - <END>
2024-10-12 14:28:54,569 - INFO - <START>
2024-10-12 14:28:54,569 - INFO - 创建Store目录：/Users/pengshintsz/Desktop/Eric/Stock/Store
2024-10-12 14:28:54,569 - INFO - 数据库路径设置为：/Users/pengshintsz/Desktop/Eric/Stock/Store/cnyes_news.db
2024-10-12 14:28:54,569 - INFO - 数据库路径设置为：/Users/pengshintsz/Desktop/Eric/Stock/Store/cnyes_news.db
2024-10-12 14:28:54,780 - INFO - 原始数据已保存到 /Users/pengshintsz/Desktop/Eric/Stock/Store/Raw_data.csv
2024-10-12 14:28:54,782 - INFO - 已将 30 条新闻加载到 /Users/pengshintsz/Desktop/Eric/Stock/Store/cnyes_news.csv
2024-10-12 14:28:54,787 - INFO - 成功将 30 条新闻加载到 SQLite 数据库 /Users/pengshintsz/Desktop/Eric/Stock/Store/cnyes_news.db
2024-10-12 14:28:54,788 - INFO - ETL流程完成
2024-10-12 14:28:54,793 - ERROR - 运行过程中发生错误: name 'logger' is not defined
2024-10-12 14:28:54,793 - INFO - <END>
2024-10-12 14:44:31,232 - INFO - 数据库路径设置为：/Users/pengshintsz/Desktop/Eric/Stock/Store/cnyes_news.db
2024-10-12 14:44:31,496 - INFO - 原始数据已保存到 /Users/pengshintsz/Desktop/Eric/Stock/Store/Raw_data.csv
2024-10-12 14:44:31,499 - INFO - 已将 30 条新闻加载到 /Users/pengshintsz/Desktop/Eric/Stock/Store/cnyes_news.csv
2024-10-12 14:44:31,506 - INFO - 成功将 30 条新闻加载到 SQLite 数据库 /Users/pengshintsz/Desktop/Eric/Stock/Store/cnyes_news.db
2024-10-12 14:44:31,506 - INFO - ETL流程完成
2024-10-12 14:48:10,669 - INFO - 数据库路径设置为：/Users/pengshintsz/Desktop/Eric/Stock/Store/Transformed_data.db
2024-10-12 14:48:11,231 - INFO - 原始数据已保存到 /Users/pengshintsz/Desktop/Eric/Stock/Store/Raw_data.csv
2024-10-12 14:48:11,235 - INFO - 已将 30 条新闻加载到 /Users/pengshintsz/Desktop/Eric/Stock/Store/Transformed_data.csv
2024-10-12 14:48:11,239 - INFO - 成功将 30 条新闻加载到 SQLite 数据库 /Users/pengshintsz/Desktop/Eric/Stock/Store/Transformed_data.db
2024-10-12 14:48:11,239 - INFO - ETL流程完成
2024-10-12 14:50:05,329 - INFO - <START>
2024-10-12 14:50:05,330 - INFO - 创建Store目录：/Users/pengshintsz/Desktop/Eric/Stock/Store
2024-10-12 14:50:05,330 - INFO - 数据库路径设置为：/Users/pengshintsz/Desktop/Eric/Stock/Store/Transformed_data.db
2024-10-12 14:50:05,330 - INFO - 数据库路径设置为：/Users/pengshintsz/Desktop/Eric/Stock/Store/Transformed_data.db
2024-10-12 14:50:05,503 - INFO - 原始数据已保存到 /Users/pengshintsz/Desktop/Eric/Stock/Store/Raw_data.csv
2024-10-12 14:50:05,508 - INFO - 已将 30 条新闻加载到 /Users/pengshintsz/Desktop/Eric/Stock/Store/cnyes_news.csv
2024-10-12 14:50:05,513 - INFO - 成功将 30 条新闻加载到 SQLite 数据库 /Users/pengshintsz/Desktop/Eric/Stock/Store/Transformed_data.db
2024-10-12 14:50:05,513 - INFO - ETL流程完成
2024-10-12 14:50:05,518 - ERROR - 运行过程中发生错误: name 'logger' is not defined
2024-10-12 14:50:05,518 - INFO - <END>
2024-10-12 14:52:49,662 - INFO - <START>
2024-10-12 14:52:49,663 - INFO - 创建Store目录：/Users/pengshintsz/Desktop/Eric/Stock/Store
2024-10-12 14:52:49,663 - INFO - 数据库路径设置为：/Users/pengshintsz/Desktop/Eric/Stock/Store/Transformed_data.db
2024-10-12 14:52:49,663 - INFO - 数据库路径设置为：/Users/pengshintsz/Desktop/Eric/Stock/Store/Transformed_data.db
2024-10-12 14:52:49,854 - INFO - 原始数据已保存到 /Users/pengshintsz/Desktop/Eric/Stock/Store/Raw_data.csv
2024-10-12 14:52:49,858 - INFO - 已将 30 条新闻加载到 /Users/pengshintsz/Desktop/Eric/Stock/Store/Transformed_data.csv
2024-10-12 14:52:49,863 - INFO - 成功将 30 条新闻加载到 SQLite 数据库 /Users/pengshintsz/Desktop/Eric/Stock/Store/Transformed_data.db
2024-10-12 14:52:49,863 - INFO - ETL流程完成
2024-10-12 14:52:49,867 - ERROR - 运行过程中发生错误: name 'logger' is not defined
2024-10-12 14:52:49,867 - INFO - <END>
2024-10-13 16:10:22,806 - INFO - <START>
2024-10-13 16:10:22,806 - INFO - 数据库路径设置为：/Users/pengshintsz/Desktop/Eric/Stock/Store/Transformed_data.db
2024-10-13 16:10:22,806 - INFO - 数据库路径设置为：/Users/pengshintsz/Desktop/Eric/Stock/Store/Transformed_data.db
2024-10-13 16:10:23,205 - INFO - 原始数据已保存到 /Users/pengshintsz/Desktop/Eric/Stock/Store/Raw_data.csv
2024-10-13 16:10:23,210 - INFO - 已将 30 条新闻加载到 /Users/pengshintsz/Desktop/Eric/Stock/Store/Transformed_data.csv
2024-10-13 16:10:23,215 - INFO - 成功将 30 条新闻加载到 SQLite 数据库 /Users/pengshintsz/Desktop/Eric/Stock/Store/Transformed_data.db
2024-10-13 16:10:23,216 - INFO - ETL流程完成
2024-10-13 16:10:23,221 - ERROR - 运行过程中发生错误: name 'logger' is not defined
2024-10-13 16:10:23,221 - INFO - <END>